<?xml version="1.0" encoding="UTF-8"?>
<!-- Generated by org.testng.reporters.JUnitReportReporter -->
<testsuite skipped="1" hostname="sarath" name="com.mindtree.kalinga.Appium.test.test.LoginTest" tests="2" failures="0" timestamp="15 Apr 2018 12:35:34 GMT" time="12.284" errors="0">
  <testcase name="test1" time="12.284" classname="com.mindtree.kalinga.Appium.test.test.LoginTest"/>
  <testcase name="temp" classname="com.mindtree.kalinga.Appium.test.test.LoginTest">
    <skipped/>
  </testcase> <!-- temp -->
</testsuite> <!-- com.mindtree.kalinga.Appium.test.test.LoginTest -->
